<?xml version="1.0" encoding="UTF-8"?>
<testng-results ignored="0" total="1" passed="1" failed="0" skipped="0">
  <reporter-output>
  </reporter-output>
  <suite started-at="2023-02-17T08:27:26Z" name="Suite" finished-at="2023-02-17T08:28:17Z" duration-ms="51133">
    <groups>
    </groups>
    <test started-at="2023-02-17T08:27:26Z" name="Test" finished-at="2023-02-17T08:28:17Z" duration-ms="51133">
      <class name="testcases.login">
        <test-method signature="cardcreation(java.lang.String, java.lang.String, java.lang.String, java.lang.String, java.lang.String, java.lang.String)[pri:0, instance:testcases.login@5bb21b69]" started-at="2023-02-17T13:57:27Z" name="cardcreation" data-provider="cardDetails" finished-at="2023-02-17T13:58:17Z" duration-ms="50476" status="PASS">
          <params>
            <param index="0">
              <value>
                <![CDATA[srilekha1260@gmail.com]]>
              </value>
            </param>
            <param index="1">
              <value>
                <![CDATA[Test@1234]]>
              </value>
            </param>
            <param index="2">
              <value>
                <![CDATA[Full Creative]]>
              </value>
            </param>
            <param index="3">
              <value>
                <![CDATA[ListA]]>
              </value>
            </param>
            <param index="4">
              <value>
                <![CDATA[ListB]]>
              </value>
            </param>
            <param index="5">
              <value>
                <![CDATA[cardA]]>
              </value>
            </param>
          </params>
          <reporter-output>
          </reporter-output>
        </test-method> <!-- cardcreation -->
      </class> <!-- testcases.login -->
    </test> <!-- Test -->
  </suite> <!-- Suite -->
</testng-results>
